2024-04-07 16:36:48 [main] INFO  c.e.blog.BlogPlatformApplication - Starting BlogPlatformApplication using Java 21.0.2 with PID 83420 (/Users/timofey/Desktop/Java/BlogPlatform/build/classes/java/main started by timofey in /Users/timofey/Desktop/Java/BlogPlatform)
2024-04-07 16:36:48 [main] INFO  c.e.blog.BlogPlatformApplication - No active profile set, falling back to 1 default profile: "default"
2024-04-07 16:36:48 [main] INFO  o.s.d.r.c.RepositoryConfigurationDelegate - Bootstrapping Spring Data JPA repositories in DEFAULT mode.
2024-04-07 16:36:48 [main] INFO  o.s.d.r.c.RepositoryConfigurationDelegate - Finished Spring Data repository scanning in 18 ms. Found 2 JPA repository interfaces.
2024-04-07 16:36:49 [main] INFO  o.s.b.w.e.tomcat.TomcatWebServer - Tomcat initialized with port 8080 (http)
2024-04-07 16:36:49 [main] INFO  o.a.coyote.http11.Http11NioProtocol - Initializing ProtocolHandler ["http-nio-8080"]
2024-04-07 16:36:49 [main] INFO  o.a.catalina.core.StandardService - Starting service [Tomcat]
2024-04-07 16:36:49 [main] INFO  o.a.catalina.core.StandardEngine - Starting Servlet engine: [Apache Tomcat/10.1.19]
2024-04-07 16:36:49 [main] INFO  o.a.c.c.C.[Tomcat].[localhost].[/] - Initializing Spring embedded WebApplicationContext
2024-04-07 16:36:49 [main] INFO  o.s.b.w.s.c.ServletWebServerApplicationContext - Root WebApplicationContext: initialization completed in 630 ms
2024-04-07 16:36:49 [main] INFO  o.h.jpa.internal.util.LogHelper - HHH000204: Processing PersistenceUnitInfo [name: default]
2024-04-07 16:36:49 [main] INFO  org.hibernate.Version - HHH000412: Hibernate ORM core version 6.4.4.Final
2024-04-07 16:36:49 [main] INFO  o.h.c.i.RegionFactoryInitiator - HHH000026: Second-level cache disabled
2024-04-07 16:36:49 [main] INFO  o.s.o.j.p.SpringPersistenceUnitInfo - No LoadTimeWeaver setup: ignoring JPA class transformer
2024-04-07 16:36:49 [main] INFO  com.zaxxer.hikari.HikariDataSource - HikariPool-1 - Starting...
2024-04-07 16:36:49 [main] INFO  com.zaxxer.hikari.pool.HikariPool - HikariPool-1 - Added connection org.postgresql.jdbc.PgConnection@7ee64b53
2024-04-07 16:36:49 [main] INFO  com.zaxxer.hikari.HikariDataSource - HikariPool-1 - Start completed.
2024-04-07 16:36:49 [main] WARN  org.hibernate.orm.deprecation - HHH90000025: PostgreSQLDialect does not need to be specified explicitly using 'hibernate.dialect' (remove the property setting and it will be selected by default)
2024-04-07 16:36:50 [main] INFO  o.h.e.t.j.p.i.JtaPlatformInitiator - HHH000489: No JTA platform available (set 'hibernate.transaction.jta.platform' to enable JTA platform integration)
2024-04-07 16:36:50 [main] INFO  o.s.o.j.LocalContainerEntityManagerFactoryBean - Initialized JPA EntityManagerFactory for persistence unit 'default'
2024-04-07 16:36:50 [main] INFO  o.s.d.j.r.query.QueryEnhancerFactory - Hibernate is in classpath; If applicable, HQL parser will be used.
2024-04-07 16:36:50 [main] INFO  o.s.b.a.w.s.WelcomePageHandlerMapping - Adding welcome page: class path resource [static/index.html]
2024-04-07 16:36:50 [main] INFO  o.a.coyote.http11.Http11NioProtocol - Starting ProtocolHandler ["http-nio-8080"]
2024-04-07 16:36:50 [main] INFO  o.s.b.w.e.tomcat.TomcatWebServer - Tomcat started on port 8080 (http) with context path ''
2024-04-07 16:36:50 [main] INFO  c.e.blog.BlogPlatformApplication - Started BlogPlatformApplication in 2.419 seconds (process running for 2.833)
2024-04-07 16:36:57 [http-nio-8080-exec-2] INFO  o.a.c.c.C.[Tomcat].[localhost].[/] - Initializing Spring DispatcherServlet 'dispatcherServlet'
2024-04-07 16:36:57 [http-nio-8080-exec-2] INFO  o.s.web.servlet.DispatcherServlet - Initializing Servlet 'dispatcherServlet'
2024-04-07 16:36:57 [http-nio-8080-exec-2] INFO  o.s.web.servlet.DispatcherServlet - Completed initialization in 2 ms
2024-04-07 16:36:57 [http-nio-8080-exec-2] INFO  c.e.blog.controllers.UserController - Blog Request: BlogController.getBlog
2024-04-07 16:37:05 [http-nio-8080-exec-3] INFO  c.e.blog.controllers.UserController - User Request: UserController.getUsers
2024-04-07 16:37:05 [http-nio-8080-exec-7] INFO  o.s.api.AbstractOpenApiResource - Init duration for springdoc-openapi is: 227 ms
2024-04-07 16:37:13 [http-nio-8080-exec-10] INFO  c.e.blog.controllers.UserController - User Request: UserController.getUsers
2024-04-07 16:37:13 [http-nio-8080-exec-1] INFO  c.e.blog.controllers.UserController - User Request: UserController.getUsers
2024-04-07 16:37:14 [http-nio-8080-exec-2] INFO  c.e.blog.controllers.UserController - User Request: UserController.getUsers
2024-04-07 16:37:20 [http-nio-8080-exec-3] INFO  c.e.blog.controllers.UserController - User Request: UserController.findUserById
2024-04-07 16:37:36 [http-nio-8080-exec-4] INFO  c.e.blog.controllers.UserController - User Request: UserController.findUserById
2024-04-07 16:37:36 [http-nio-8080-exec-4] ERROR c.e.blog.exception.ExceptionHandler - Error 404: Illegal Argument
2024-04-07 16:37:45 [http-nio-8080-exec-5] ERROR c.e.blog.exception.ExceptionHandler - Error 500: Runtime Exception
2024-04-07 16:37:56 [http-nio-8080-exec-7] INFO  c.e.blog.controllers.UserController - User Request: UserController.findUserById
2024-04-07 16:38:01 [http-nio-8080-exec-8] INFO  c.e.blog.controllers.UserController - User Request: UserController.findUserById
2024-04-07 16:38:01 [http-nio-8080-exec-8] ERROR c.e.blog.exception.ExceptionHandler - Error 404: Illegal Argument
2024-04-07 16:40:24 [http-nio-8080-exec-1] INFO  c.e.blog.controllers.UserController - User Request: UserController.findUserById
2024-04-07 16:40:24 [http-nio-8080-exec-1] ERROR c.e.blog.exception.ExceptionHandler - Error 404: Illegal Argument
2024-04-07 16:40:28 [http-nio-8080-exec-2] INFO  c.e.blog.controllers.UserController - User Request: UserController.findUserById
2024-04-07 16:40:28 [http-nio-8080-exec-2] ERROR c.e.blog.exception.ExceptionHandler - Error 404: Illegal Argument
2024-04-07 16:40:34 [http-nio-8080-exec-3] ERROR c.e.blog.exception.ExceptionHandler - Error 500: Runtime Exception
2024-04-07 16:40:39 [http-nio-8080-exec-4] ERROR c.e.blog.exception.ExceptionHandler - Error 400: Bad Request
2024-04-07 16:40:43 [http-nio-8080-exec-7] ERROR c.e.blog.exception.ExceptionHandler - Error 400: Bad Request
2024-04-07 16:40:56 [SpringApplicationShutdownHook] INFO  o.s.o.j.LocalContainerEntityManagerFactoryBean - Closing JPA EntityManagerFactory for persistence unit 'default'
2024-04-07 16:40:56 [SpringApplicationShutdownHook] INFO  com.zaxxer.hikari.HikariDataSource - HikariPool-1 - Shutdown initiated...
2024-04-07 16:40:56 [SpringApplicationShutdownHook] INFO  com.zaxxer.hikari.HikariDataSource - HikariPool-1 - Shutdown completed.
